<?xml version="1.0" encoding="UTF-8"?>
<!-- Generated by org.testng.reporters.JUnitReportReporter -->
<testsuite hostname="DESKTOP-NICU370" failures="0" tests="1" name="redgirraffe.testcases.DashBoardTest" time="5.194" errors="0" timestamp="2024-02-25T17:07:20 IST" skipped="0">
  <testcase classname="redgirraffe.testcases.DashBoardTest" name="enterDetails" time="5.194"/>
  <system-out/>
</testsuite> <!-- redgirraffe.testcases.DashBoardTest -->
